This is pdfTeX, Version 3.1415926-2.3-1.40.12 (MiKTeX 2.9 64-bit) (preloaded format=pdflatex 2011.10.29)  2 FEB 2014 18:16
entering extended mode
**MCIW_Practicum_ZoteroOld.tex

("D:\Working Documents\Geography of the Classical Islamic World\_MCIW Spring 20
14 - LaTeX Files\MCIW_Practicum_ZoteroOld.tex"
LaTeX2e <2011/06/27>
Babel <v3.8m> and hyphenation patterns for english, afrikaans, ancientgreek, ar
abic, armenian, assamese, basque, bengali, bokmal, bulgarian, catalan, coptic, 
croatian, czech, danish, dutch, esperanto, estonian, farsi, finnish, french, ga
lician, german, german-x-2009-06-19, greek, gujarati, hindi, hungarian, iceland
ic, indonesian, interlingua, irish, italian, kannada, kurmanji, lao, latin, lat
vian, lithuanian, malayalam, marathi, mongolian, mongolianlmc, monogreek, ngerm
an, ngerman-x-2009-06-19, nynorsk, oriya, panjabi, pinyin, polish, portuguese, 
romanian, russian, sanskrit, serbian, slovak, slovenian, spanish, swedish, swis
sgerman, tamil, telugu, turkish, turkmen, ukenglish, ukrainian, uppersorbian, u
senglishmax, welsh, loaded.
("C:\Program Files\MiKTeX 2.9\tex\latex\base\report.cls"
Document Class: report 2007/10/19 v1.4h Standard LaTeX document class
("C:\Program Files\MiKTeX 2.9\tex\latex\base\size12.clo"
File: size12.clo 2007/10/19 v1.4h Standard LaTeX file (size option)
)
\c@part=\count79
\c@chapter=\count80
\c@section=\count81
\c@subsection=\count82
\c@subsubsection=\count83
\c@paragraph=\count84
\c@subparagraph=\count85
\c@figure=\count86
\c@table=\count87
\abovecaptionskip=\skip41
\belowcaptionskip=\skip42
\bibindent=\dimen102
)
("C:\Program Files\MiKTeX 2.9\tex\latex\ltxmisc\url.sty"
\Urlmuskip=\muskip10
Package: url 2006/04/12  ver 3.3  Verb mode for urls, etc.
)
("C:\Program Files\MiKTeX 2.9\tex\latex\arabtex\arabtex.sty"
("C:\Program Files\MiKTeX 2.9\tex\latex\arabtex\aconfig.sty"
LaTeX2e detected 
BABEL detected
\a@moduledate=\count88
\a@maindate=\count89
)
("C:\Program Files\MiKTeX 2.9\tex\latex\arabtex\arabaux.sty")
("C:\Program Files\MiKTeX 2.9\tex\latex\arabtex\acmd.sty")
("C:\Program Files\MiKTeX 2.9\tex\latex\arabtex\afonts.sty"
("C:\Program Files\MiKTeX 2.9\tex\latex\arabtex\afonts2.sty"))
("C:\Program Files\MiKTeX 2.9\tex\latex\arabtex\ascan.sty"
(ArabTeX) scanner for code `arabtex' installed.
(ArabTeX) input encoding set to ArabTeX standard conventions.)
("C:\Program Files\MiKTeX 2.9\tex\latex\arabtex\aparse.sty")
("C:\Program Files\MiKTeX 2.9\tex\latex\arabtex\awrite.sty"
("C:\Program Files\MiKTeX 2.9\tex\latex\arabtex\xarbsymb.sty")
("C:\Program Files\MiKTeX 2.9\tex\latex\arabtex\arabskel.sty")
("C:\Program Files\MiKTeX 2.9\tex\latex\arabtex\xarbskel.sty")
("C:\Program Files\MiKTeX 2.9\tex\latex\arabtex\aboxes.sty")
("C:\Program Files\MiKTeX 2.9\tex\latex\arabtex\arabtoks.sty")
("C:\Program Files\MiKTeX 2.9\tex\latex\arabtex\arabchrs.sty"))
("C:\Program Files\MiKTeX 2.9\tex\latex\arabtex\aligs.sty")
("C:\Program Files\MiKTeX 2.9\tex\latex\arabtex\aoutput.sty")
("C:\Program Files\MiKTeX 2.9\tex\latex\arabtex\abidir.sty")
("C:\Program Files\MiKTeX 2.9\tex\latex\arabtex\atrans.sty"
(ArabTeX) ZDMG transliteration.)
("C:\Program Files\MiKTeX 2.9\tex\latex\arabtex\alatex.sty"
("C:\Program Files\MiKTeX 2.9\tex\latex\arabtex\afoot.sty"))
("C:\Program Files\MiKTeX 2.9\tex\latex\arabtex\abjad.sty")
("C:\Program Files\MiKTeX 2.9\tex\latex\arabtex\apatch.sty"
("C:\Program Files\MiKTeX 2.9\tex\latex\arabtex\alists.sty")
("C:\Program Files\MiKTeX 2.9\tex\latex\arabtex\asect.sty")
("C:\Program Files\MiKTeX 2.9\tex\latex\arabtex\atabg.sty")
("C:\Program Files\MiKTeX 2.9\tex\latex\arabtex\alocal.sty"
(ArabTeX) 3.11 local stub, 26.02.2006))
Arabic processor `ArabTeX' [20060702 patch level 3.11s (02.07.2006)]
(ArabTeX) ... now be patient ... )
("C:\Program Files\MiKTeX 2.9\tex\latex\mh\mathtools.sty"
Package: mathtools 2012/04/24 v1.12 mathematical typesetting tools

("C:\Program Files\MiKTeX 2.9\tex\latex\graphics\keyval.sty"
Package: keyval 1999/03/16 v1.13 key=value parser (DPC)
\KV@toks@=\toks34
)
("C:\Program Files\MiKTeX 2.9\tex\latex\tools\calc.sty"
Package: calc 2007/08/22 v4.3 Infix arithmetic (KKT,FJ)
\calc@Acount=\count119
\calc@Bcount=\count120
\calc@Adimen=\dimen125
\calc@Bdimen=\dimen126
\calc@Askip=\skip45
\calc@Bskip=\skip46
LaTeX Info: Redefining \setlength on input line 76.
LaTeX Info: Redefining \addtolength on input line 77.
\calc@Ccount=\count121
\calc@Cskip=\skip47
)
("C:\Program Files\MiKTeX 2.9\tex\latex\mh\mhsetup.sty"
Package: mhsetup 2010/01/21 v1.2a programming setup (MH)
)
("C:\Program Files\MiKTeX 2.9\tex\latex\ams\math\amsmath.sty"
Package: amsmath 2000/07/18 v2.13 AMS math features
\@mathmargin=\skip48

For additional information on amsmath, use the `?' option.
("C:\Program Files\MiKTeX 2.9\tex\latex\ams\math\amstext.sty"
Package: amstext 2000/06/29 v2.01

("C:\Program Files\MiKTeX 2.9\tex\latex\ams\math\amsgen.sty"
File: amsgen.sty 1999/11/30 v2.0
\@emptytoks=\toks35
\ex@=\dimen127
))
("C:\Program Files\MiKTeX 2.9\tex\latex\ams\math\amsbsy.sty"
Package: amsbsy 1999/11/29 v1.2d
\pmbraise@=\dimen128
)
("C:\Program Files\MiKTeX 2.9\tex\latex\ams\math\amsopn.sty"
Package: amsopn 1999/12/14 v2.01 operator names
)
\inf@bad=\count122
LaTeX Info: Redefining \frac on input line 211.
\uproot@=\count123
\leftroot@=\count124
LaTeX Info: Redefining \overline on input line 307.
\classnum@=\count125
\DOTSCASE@=\count126
LaTeX Info: Redefining \ldots on input line 379.
LaTeX Info: Redefining \dots on input line 382.
LaTeX Info: Redefining \cdots on input line 467.
\Mathstrutbox@=\box41
\strutbox@=\box42
\big@size=\dimen129
LaTeX Font Info:    Redeclaring font encoding OML on input line 567.
LaTeX Font Info:    Redeclaring font encoding OMS on input line 568.
\macc@depth=\count127
\c@MaxMatrixCols=\count128
\dotsspace@=\muskip11
\c@parentequation=\count129
\dspbrk@lvl=\count130
\tag@help=\toks36
\row@=\count131
\column@=\count132
\maxfields@=\count133
\andhelp@=\toks37
\eqnshift@=\dimen130
\alignsep@=\dimen131
\tagshift@=\dimen132
\tagwidth@=\dimen133
\totwidth@=\dimen134
\lineht@=\dimen135
\@envbody=\toks38
\multlinegap=\skip49
\multlinetaggap=\skip50
\mathdisplay@stack=\toks39
LaTeX Info: Redefining \[ on input line 2666.
LaTeX Info: Redefining \] on input line 2667.
)
\g_MT_multlinerow_int=\count134
\l_MT_multwidth_dim=\dimen136
\origjot=\skip51
\l_MT_shortvdotswithinadjustabove_dim=\dimen137
\l_MT_shortvdotswithinadjustbelow_dim=\dimen138
\l_MT_above_intertext_dim=\dimen139
\l_MT_below_intertext_dim=\dimen140
\l_MT_above_shortintertext_dim=\dimen141
\l_MT_below_shortintertext_dim=\dimen142
)
("C:\Program Files\MiKTeX 2.9\tex\latex\jknappen\semtrans.sty"
Package: semtrans 1998/02/10 v 1.0 specials for transliterated semitic language
s (jk)

("C:\Program Files\MiKTeX 2.9\tex\latex\graphics\graphicx.sty"
Package: graphicx 1999/02/16 v1.0f Enhanced LaTeX Graphics (DPC,SPQR)

("C:\Program Files\MiKTeX 2.9\tex\latex\graphics\graphics.sty"
Package: graphics 2009/02/05 v1.0o Standard LaTeX Graphics (DPC,SPQR)

("C:\Program Files\MiKTeX 2.9\tex\latex\graphics\trig.sty"
Package: trig 1999/03/16 v1.09 sin cos tan (DPC)
)
("C:\Program Files\MiKTeX 2.9\tex\latex\00miktex\graphics.cfg"
File: graphics.cfg 2007/01/18 v1.5 graphics configuration of teTeX/TeXLive
)
Package graphics Info: Driver file: pdftex.def on input line 91.

("C:\Program Files\MiKTeX 2.9\tex\latex\pdftex-def\pdftex.def"
File: pdftex.def 2011/05/27 v0.06d Graphics/color for pdfTeX

("C:\Program Files\MiKTeX 2.9\tex\generic\oberdiek\infwarerr.sty"
Package: infwarerr 2010/04/08 v1.3 Providing info/warning/error messages (HO)
)
("C:\Program Files\MiKTeX 2.9\tex\generic\oberdiek\ltxcmds.sty"
Package: ltxcmds 2011/11/09 v1.22 LaTeX kernel commands for general use (HO)
)
\Gread@gobject=\count135
))
\Gin@req@height=\dimen143
\Gin@req@width=\dimen144
)
LaTeX Font Info:    Redeclaring math symbol \lhook on input line 26.
LaTeX Font Info:    Redeclaring math symbol \rhook on input line 27.
)
("C:\Program Files\MiKTeX 2.9\tex\generic\babel\babel.sty"
Package: babel 2008/07/08 v3.8m The Babel package

*************************************
* Local config file bblopts.cfg used
*
("C:\Program Files\MiKTeX 2.9\tex\latex\00miktex\bblopts.cfg"
File: bblopts.cfg 2006/07/31 v1.0 MiKTeX 'babel' configuration
)
("C:\Program Files\MiKTeX 2.9\tex\generic\babel\english.ldf"
Language: english 2005/03/30 v3.3o English support from the babel system

("C:\Program Files\MiKTeX 2.9\tex\generic\babel\babel.def"
File: babel.def 2008/07/08 v3.8m Babel common definitions
\babel@savecnt=\count136
\U@D=\dimen145
)
\l@canadian = a dialect from \language\l@american 
\l@australian = a dialect from \language\l@british 
\l@newzealand = a dialect from \language\l@british 
))
("C:\Program Files\MiKTeX 2.9\tex\latex\geometry\geometry.sty"
Package: geometry 2010/09/12 v5.6 Page Geometry

("C:\Program Files\MiKTeX 2.9\tex\generic\oberdiek\ifpdf.sty"
Package: ifpdf 2011/01/30 v2.3 Provides the ifpdf switch (HO)
Package ifpdf Info: pdfTeX in PDF mode is detected.
)
("C:\Program Files\MiKTeX 2.9\tex\generic\oberdiek\ifvtex.sty"
Package: ifvtex 2010/03/01 v1.5 Detect VTeX and its facilities (HO)
Package ifvtex Info: VTeX not detected.
)
("C:\Program Files\MiKTeX 2.9\tex\generic\ifxetex\ifxetex.sty"
Package: ifxetex 2010/09/12 v0.6 Provides ifxetex conditional
)
\Gm@cnth=\count137
\Gm@cntv=\count138
\c@Gm@tempcnt=\count139
\Gm@bindingoffset=\dimen146
\Gm@wd@mp=\dimen147
\Gm@odd@mp=\dimen148
\Gm@even@mp=\dimen149
\Gm@layoutwidth=\dimen150
\Gm@layoutheight=\dimen151
\Gm@layouthoffset=\dimen152
\Gm@layoutvoffset=\dimen153
\Gm@dimlist=\toks40

("C:\Program Files\MiKTeX 2.9\tex\latex\geometry\geometry.cfg"))
("C:\Program Files\MiKTeX 2.9\tex\latex\setspace\setspace.sty"
Package: setspace 2011/12/19 v6.7a set line spacing
)
("C:\Program Files\MiKTeX 2.9\tex\latex\base\fixltx2e.sty"
Package: fixltx2e 2006/09/13 v1.1m fixes to LaTeX
LaTeX Info: Redefining \em on input line 420.
LaTeX Info: The control sequence `\[' is already robust on input line 471.
LaTeX Info: The control sequence `\]' is already robust on input line 472.
)
("C:\Program Files\MiKTeX 2.9\tex\latex\tools\xspace.sty"
Package: xspace 2009/10/20 v1.13 Space after command names (DPC,MH)
)
\@input{autocorrect.aux}

("D:\Working Documents\Geography of the Classical Islamic World\_MCIW Spring 20
14 - LaTeX Files\autocorrect.tex")
\@input{extrafunctions.aux}

("D:\Working Documents\Geography of the Classical Islamic World\_MCIW Spring 20
14 - LaTeX Files\extrafunctions.tex")
Package babel Info: Making " an active character on input line 39.

("C:\Program Files\MiKTeX 2.9\tex\latex\hyperref\hyperref.sty"
Package: hyperref 2012/05/13 v6.82q Hypertext links for LaTeX

("C:\Program Files\MiKTeX 2.9\tex\generic\oberdiek\hobsub-hyperref.sty"
Package: hobsub-hyperref 2012/04/25 v1.12 Bundle oberdiek, subset hyperref (HO)


("C:\Program Files\MiKTeX 2.9\tex\generic\oberdiek\hobsub-generic.sty"
Package: hobsub-generic 2012/04/25 v1.12 Bundle oberdiek, subset generic (HO)
Package: hobsub 2012/04/25 v1.12 Construct package bundles (HO)
Package hobsub Info: Skipping package `infwarerr' (already loaded).
Package hobsub Info: Skipping package `ltxcmds' (already loaded).
Package: ifluatex 2010/03/01 v1.3 Provides the ifluatex switch (HO)
Package ifluatex Info: LuaTeX not detected.
Package hobsub Info: Skipping package `ifvtex' (already loaded).
Package: intcalc 2007/09/27 v1.1 Expandable calculations with integers (HO)
Package hobsub Info: Skipping package `ifpdf' (already loaded).
Package: etexcmds 2011/02/16 v1.5 Avoid name clashes with e-TeX commands (HO)
Package etexcmds Info: Could not find \expanded.
(etexcmds)             That can mean that you are not using pdfTeX 1.50 or
(etexcmds)             that some package has redefined \expanded.
(etexcmds)             In the latter case, load this package earlier.
Package: kvsetkeys 2012/04/25 v1.16 Key value parser (HO)
Package: kvdefinekeys 2011/04/07 v1.3 Define keys (HO)
Package: pdftexcmds 2011/11/29 v0.20 Utility functions of pdfTeX for LuaTeX (HO
)
Package pdftexcmds Info: LuaTeX not detected.
Package pdftexcmds Info: \pdf@primitive is available.
Package pdftexcmds Info: \pdf@ifprimitive is available.
Package pdftexcmds Info: \pdfdraftmode found.
Package: pdfescape 2011/11/25 v1.13 Implements pdfTeX's escape features (HO)
Package: bigintcalc 2012/04/08 v1.3 Expandable calculations on big integers (HO
)
Package: bitset 2011/01/30 v1.1 Handle bit-vector datatype (HO)
Package: uniquecounter 2011/01/30 v1.2 Provide unlimited unique counter (HO)
)
Package hobsub Info: Skipping package `hobsub' (already loaded).
Package: letltxmacro 2010/09/02 v1.4 Let assignment for LaTeX macros (HO)
Package: hopatch 2011/06/24 v1.1 Wrapper for package hooks (HO)
Package: xcolor-patch 2011/01/30 xcolor patch
Package: atveryend 2011/06/30 v1.8 Hooks at the very end of document (HO)
Package atveryend Info: \enddocument detected (standard20110627).
Package atveryend Info: \a@enddocument detected (standard20110627).
Package: atbegshi 2011/10/05 v1.16 At begin shipout hook (HO)
Package: refcount 2011/10/16 v3.4 Data extraction from label references (HO)
Package: hycolor 2011/01/30 v1.7 Color options for hyperref/bookmark (HO)
)
("C:\Program Files\MiKTeX 2.9\tex\latex\oberdiek\kvoptions.sty"
Package: kvoptions 2011/06/30 v3.11 Key value format for package options (HO)
)
\@linkdim=\dimen154
\Hy@linkcounter=\count140
\Hy@pagecounter=\count141

("C:\Program Files\MiKTeX 2.9\tex\latex\hyperref\pd1enc.def"
File: pd1enc.def 2012/05/13 v6.82q Hyperref: PDFDocEncoding definition (HO)
)
\Hy@SavedSpaceFactor=\count142

("C:\Program Files\MiKTeX 2.9\tex\latex\00miktex\hyperref.cfg"
File: hyperref.cfg 2002/06/06 v1.2 hyperref configuration of TeXLive
)
Package hyperref Info: Hyper figures OFF on input line 4062.
Package hyperref Info: Link nesting OFF on input line 4067.
Package hyperref Info: Hyper index ON on input line 4070.
Package hyperref Info: Plain pages OFF on input line 4077.
Package hyperref Info: Backreferencing OFF on input line 4082.
Package hyperref Info: Implicit mode ON; LaTeX internals redefined.
Package hyperref Info: Bookmarks ON on input line 4300.
\c@Hy@tempcnt=\count143
LaTeX Info: Redefining \url on input line 4653.
\Fld@menulength=\count144
\Field@Width=\dimen155
\Fld@charsize=\dimen156
Package hyperref Info: Hyper figures OFF on input line 5773.
Package hyperref Info: Link nesting OFF on input line 5778.
Package hyperref Info: Hyper index ON on input line 5781.
Package hyperref Info: backreferencing OFF on input line 5788.
Package hyperref Info: Link coloring OFF on input line 5793.
Package hyperref Info: Link coloring with OCG OFF on input line 5798.
Package hyperref Info: PDF/A mode OFF on input line 5803.
LaTeX Info: Redefining \ref on input line 5843.
LaTeX Info: Redefining \pageref on input line 5847.
\Hy@abspage=\count145
\c@Item=\count146
\c@Hfootnote=\count147
)

Package hyperref Message: Driver (autodetected): hpdftex.

("C:\Program Files\MiKTeX 2.9\tex\latex\hyperref\hpdftex.def"
File: hpdftex.def 2012/05/13 v6.82q Hyperref driver for pdfTeX
\Fld@listcount=\count148
\c@bookmark@seq@number=\count149

("C:\Program Files\MiKTeX 2.9\tex\latex\oberdiek\rerunfilecheck.sty"
Package: rerunfilecheck 2011/04/15 v1.7 Rerun checks for auxiliary files (HO)
Package uniquecounter Info: New unique counter `rerunfilecheck' on input line 2
82.
)
\Hy@SectionHShift=\skip52
)
("C:\Program Files\MiKTeX 2.9\tex\latex\graphics\color.sty"
Package: color 2005/11/14 v1.0j Standard LaTeX Color (DPC)

("C:\Program Files\MiKTeX 2.9\tex\latex\00miktex\color.cfg"
File: color.cfg 2007/01/18 v1.5 color configuration of teTeX/TeXLive
)
Package color Info: Driver file: pdftex.def on input line 130.

("C:\Program Files\MiKTeX 2.9\tex\latex\graphics\dvipsnam.def"
File: dvipsnam.def 1999/02/16 v3.0i Driver-dependant file (DPC,SPQR)
))
Package hyperref Info: Option `colorlinks' set `true' on input line 88.

No file MCIW_Practicum_ZoteroOld.aux.
LaTeX Font Info:    Checking defaults for OML/cmm/m/it on input line 93.
LaTeX Font Info:    ... okay on input line 93.
LaTeX Font Info:    Checking defaults for T1/cmr/m/n on input line 93.
LaTeX Font Info:    ... okay on input line 93.
LaTeX Font Info:    Checking defaults for OT1/cmr/m/n on input line 93.
LaTeX Font Info:    ... okay on input line 93.
LaTeX Font Info:    Checking defaults for OMS/cmsy/m/n on input line 93.
LaTeX Font Info:    ... okay on input line 93.
LaTeX Font Info:    Checking defaults for OMX/cmex/m/n on input line 93.
LaTeX Font Info:    ... okay on input line 93.
LaTeX Font Info:    Checking defaults for U/cmr/m/n on input line 93.
LaTeX Font Info:    ... okay on input line 93.
LaTeX Font Info:    Checking defaults for PD1/pdf/m/n on input line 93.
LaTeX Font Info:    ... okay on input line 93.
("C:\Program Files\MiKTeX 2.9\tex\context\base\supp-pdf.mkii"
[Loading MPS to PDF converter (version 2006.09.02).]
\scratchcounter=\count150
\scratchdimen=\dimen157
\scratchbox=\box43
\nofMPsegments=\count151
\nofMParguments=\count152
\everyMPshowfont=\toks41
\MPscratchCnt=\count153
\MPscratchDim=\dimen158
\MPnumerator=\count154
\makeMPintoPDFobject=\count155
\everyMPtoPDFconversion=\toks42
)
*geometry* driver: auto-detecting
*geometry* detected driver: pdftex
*geometry* verbose mode - [ preamble ] result:
* driver: pdftex
* paper: <default>
* layout: <same size as paper>
* layoutoffset:(h,v)=(0.0pt,0.0pt)
* modes: 
* h-part:(L,W,R)=(108.405pt, 397.485pt, 108.405pt)
* v-part:(T,H,B)=(108.405pt, 578.15999pt, 108.405pt)
* \paperwidth=614.295pt
* \paperheight=794.96999pt
* \textwidth=397.485pt
* \textheight=578.15999pt
* \oddsidemargin=36.13501pt
* \evensidemargin=36.13501pt
* \topmargin=-0.86499pt
* \headheight=12.0pt
* \headsep=25.0pt
* \topskip=12.0pt
* \footskip=30.0pt
* \marginparwidth=144.54pt
* \marginparsep=10.0pt
* \columnsep=10.0pt
* \skip\footins=10.8pt plus 4.0pt minus 2.0pt
* \hoffset=0.0pt
* \voffset=0.0pt
* \mag=1000
* \@twocolumnfalse
* \@twosidefalse
* \@mparswitchfalse
* \@reversemarginfalse
* (1in=72.27pt=25.4mm, 1cm=28.453pt)

\AtBeginShipoutBox=\box44
Package hyperref Info: Link coloring ON on input line 93.
("C:\Program Files\MiKTeX 2.9\tex\latex\hyperref\nameref.sty"
Package: nameref 2010/04/30 v2.40 Cross-referencing by name of section

("C:\Program Files\MiKTeX 2.9\tex\generic\oberdiek\gettitlestring.sty"
Package: gettitlestring 2010/12/03 v1.4 Cleanup title references (HO)
)
\c@section@level=\count156
)
LaTeX Info: Redefining \ref on input line 93.
LaTeX Info: Redefining \pageref on input line 93.
LaTeX Info: Redefining \nameref on input line 93.
\@outlinefile=\write5

("C:\Program Files\MiKTeX 2.9\tex\latex\arabtex\apatch.sty"
\a@lines=\count157
\a@Lwidth=\dimen159
\a@displaywidth=\dimen160

("C:\Program Files\MiKTeX 2.9\tex\latex\arabtex\alocal.sty"
(ArabTeX) 3.11 local stub, 26.02.2006)
(ArabTeX) version 3.11s (02.07.2006): second phase of patching)
<graphics/zotero_icon.png, id=3, 128.48pt x 146.5475pt>
File: graphics/zotero_icon.png Graphic file (type png)

<use graphics/zotero_icon.png>
Package pdftex.def Info: graphics/zotero_icon.png used on input line 106.
(pdftex.def)             Requested size: 64.23984pt x 73.27356pt.


LaTeX Font Warning: Font shape `OT1/cmr/bx/sc' undefined
(Font)              using `OT1/cmr/bx/n' instead on input line 106.

<graphics/zotero_connectors.png, id=6, 237.13594pt x 23.33719pt>
File: graphics/zotero_connectors.png Graphic file (type png)

<use graphics/zotero_connectors.png>
Package pdftex.def Info: graphics/zotero_connectors.png used on input line 111.

(pdftex.def)             Requested size: 94.85268pt x 9.3347pt.
LaTeX Font Info:    Try loading font information for OMS+cmr on input line 115.


("C:\Program Files\MiKTeX 2.9\tex\latex\base\omscmr.fd"
File: omscmr.fd 1999/05/25 v2.5h Standard LaTeX font definitions
)
LaTeX Font Info:    Font shape `OMS/cmr/m/n' in size <12> not available
(Font)              Font shape `OMS/cmsy/m/n' tried instead on input line 115.

<graphics/zotero_addbook.png, id=7, 9.78656pt x 12.045pt>
File: graphics/zotero_addbook.png Graphic file (type png)

<use graphics/zotero_addbook.png>
Package pdftex.def Info: graphics/zotero_addbook.png used on input line 115.
(pdftex.def)             Requested size: 8.3186pt x 10.23828pt.

<graphics/zotero_bookadded.png, id=8, 180.675pt x 43.66313pt>
File: graphics/zotero_bookadded.png Graphic file (type png)

<use graphics/zotero_bookadded.png>
Package pdftex.def Info: graphics/zotero_bookadded.png used on input line 115.
(pdftex.def)             Requested size: 90.33727pt x 21.8315pt.

<graphics/zotero_isbndoi.png, id=9, 19.57312pt x 18.0675pt>
File: graphics/zotero_isbndoi.png Graphic file (type png)

<use graphics/zotero_isbndoi.png>
Package pdftex.def Info: graphics/zotero_isbndoi.png used on input line 120.
(pdftex.def)             Requested size: 9.78653pt x 9.03372pt.
File: graphics/zotero_isbndoi.png Graphic file (type png)
 <use graphics/zotero_isbndoi.png>
Package pdftex.def Info: graphics/zotero_isbndoi.png used on input line 125.
(pdftex.def)             Requested size: 9.78653pt x 9.03372pt.

<graphics/zotero_addarticle.png, id=12, 10.53937pt x 12.045pt>
File: graphics/zotero_addarticle.png Graphic file (type png)

<use graphics/zotero_addarticle.png>
Package pdftex.def Info: graphics/zotero_addarticle.png used on input line 133.

(pdftex.def)             Requested size: 8.95848pt x 10.23828pt.
 [1





{C:/Users/Alrumich i5/AppData/Local/MiKTeX/2.9/pdftex/config/pdftex.map} <D:/Wo
rking Documents/Geography of the Classical Islamic World/_MCIW Spring 2014 - La
TeX Files/graphics/zotero_icon.png> <D:/Working Documents/Geography of the Clas
sical Islamic World/_MCIW Spring 2014 - LaTeX Files/graphics/zotero_connectors.
png> <D:/Working Documents/Geography of the Classical Islamic World/_MCIW Sprin
g 2014 - LaTeX Files/graphics/zotero_addbook.png> <D:/Working Documents/Geograp
hy of the Classical Islamic World/_MCIW Spring 2014 - LaTeX Files/graphics/zote
ro_bookadded.png> <D:/Working Documents/Geography of the Classical Islamic Worl
d/_MCIW Spring 2014 - LaTeX Files/graphics/zotero_isbndoi.png>]
<graphics/google_earth_icon.png, id=41, 128.48pt x 128.48pt>
File: graphics/google_earth_icon.png Graphic file (type png)

<use graphics/google_earth_icon.png>
Package pdftex.def Info: graphics/google_earth_icon.png used on input line 142.

(pdftex.def)             Requested size: 109.2085pt x 109.2085pt.

<graphics/google_earth_buttons.png, id=43, 105.39375pt x 16.56187pt>
File: graphics/google_earth_buttons.png Graphic file (type png)

<use graphics/google_earth_buttons.png>
Package pdftex.def Info: graphics/google_earth_buttons.png used on input line 1
47.
(pdftex.def)             Requested size: 52.69673pt x 8.28091pt.

<graphics/google_earth_b1.png, id=44, 21.83156pt x 16.56187pt>
File: graphics/google_earth_b1.png Graphic file (type png)

<use graphics/google_earth_b1.png>
Package pdftex.def Info: graphics/google_earth_b1.png used on input line 150.
(pdftex.def)             Requested size: 10.91574pt x 8.28091pt.

<graphics/google_earth_b2.png, id=45, 21.83156pt x 16.56187pt>
File: graphics/google_earth_b2.png Graphic file (type png)

<use graphics/google_earth_b2.png>
Package pdftex.def Info: graphics/google_earth_b2.png used on input line 151.
(pdftex.def)             Requested size: 10.91574pt x 8.28091pt.

<graphics/google_earth_b3.png, id=46, 21.83156pt x 16.56187pt>
File: graphics/google_earth_b3.png Graphic file (type png)

<use graphics/google_earth_b3.png>
Package pdftex.def Info: graphics/google_earth_b3.png used on input line 152.
(pdftex.def)             Requested size: 10.91574pt x 8.28091pt.

<graphics/google_earth_b4.png, id=47, 21.83156pt x 16.56187pt>
File: graphics/google_earth_b4.png Graphic file (type png)

<use graphics/google_earth_b4.png>
Package pdftex.def Info: graphics/google_earth_b4.png used on input line 153.
(pdftex.def)             Requested size: 10.91574pt x 8.28091pt.
 [2 <D:/Working Documents/Geography of the Classical Islamic World/_MCIW Spring
 2014 - LaTeX Files/graphics/zotero_addarticle.png> <D:/Working Documents/Geogr
aphy of the Classical Islamic World/_MCIW Spring 2014 - LaTeX Files/graphics/go
ogle_earth_icon.png> <D:/Working Documents/Geography of the Classical Islamic W
orld/_MCIW Spring 2014 - LaTeX Files/graphics/google_earth_buttons.png> <D:/Wor
king Documents/Geography of the Classical Islamic World/_MCIW Spring 2014 - LaT
eX Files/graphics/google_earth_b1.png> <D:/Working Documents/Geography of the C
lassical Islamic World/_MCIW Spring 2014 - LaTeX Files/graphics/google_earth_b2
.png> <D:/Working Documents/Geography of the Classical Islamic World/_MCIW Spri
ng 2014 - LaTeX Files/graphics/google_earth_b3.png> <D:/Working Documents/Geogr
aphy of the Classical Islamic World/_MCIW Spring 2014 - LaTeX Files/graphics/go
ogle_earth_b4.png>] [3]
<graphics/HarleyCartography21p99_Coordinates.png, id=83, 741.52031pt x 590.205p
t>
File: graphics/HarleyCartography21p99_Coordinates.png Graphic file (type png)
 <use graphics/HarleyCartography21p99_Coordinates.png>
Package pdftex.def Info: graphics/HarleyCartography21p99_Coordinates.png used o
n input line 216.
(pdftex.def)             Requested size: 397.485pt x 316.37344pt.

Overfull \hbox (29.3747pt too wide) in paragraph at lines 215--217
[] 
 []

[4]
Package atveryend Info: Empty hook `BeforeClearDocument' on input line 227.
 [5 <D:/Working Documents/Geography of the Classical Islamic World/_MCIW Spring
 2014 - LaTeX Files/graphics/HarleyCartography21p99_Coordinates.png>]
Package atveryend Info: Empty hook `AfterLastShipout' on input line 227.

("D:\Working Documents\Geography of the Classical Islamic World\_MCIW Spring 20
14 - LaTeX Files\MCIW_Practicum_ZoteroOld.aux")
Package atveryend Info: Executing hook `AtVeryEndDocument' on input line 227.


 *File List*
  report.cls    2007/10/19 v1.4h Standard LaTeX document class
  size12.clo    2007/10/19 v1.4h Standard LaTeX file (size option)
     url.sty    2006/04/12  ver 3.3  Verb mode for urls, etc.
 arabtex.sty    2003/08/22  3.11 ArabTeX main module
 arabaux.sty    2003/05/21  3.11 auxiliary macros for ArabTeX
    acmd.sty    2003/08/20  3.11 Arabic command processing 
  afonts.sty    1995/11/16  3.04 define Naskh font 
 afonts2.sty    1998/10/19  3.10 define Naskh fonts for LaTeX2e
   ascan.sty    2003/08/22  3.11 standard ZDMG input encoding 
  aparse.sty    2003/05/26  3.11 get syllables 
  awrite.sty    2003/06/05  3.11 build output word 
xarbsymb.sty    1998/07/15  3.07 symbolic output encoding 
arabskel.sty    2000/06/04  3.10 character skeleton definitions 
xarbskel.sty    1999/07/17  3.09 character skeleton definitions 
  aboxes.sty    2003/05/28  3.11 build output boxes
arabtoks.sty    1999/07/17  3.09 ArabTeX CS token definitions 
arabchrs.sty    1998/07/11  3.07 letter token definitions 
   aligs.sty    2003/05/26  3.11 compute ligatures
 aoutput.sty    2000/06/04  3.10 build output lines
  abidir.sty    2003/08/22  3.11 bidirectional linebreaking
  atrans.sty    2003/06/14  3.11 generate the transliteration 
  alatex.sty    2003/05/04  3.11 ArabTeX extensions for LaTeX 
   afoot.sty    2003/05/12  3.11 ArabTeX footnotes
   abjad.sty    2003/04/26  3.11 abjad numerals 
  apatch.sty    2006/07/02  3.11s last minute patches 
  alists.sty    2003/04/26  3.11 inverted list macros
   asect.sty    2003/04/26  3.11 section macros for Arabic
   atabg.sty    1997/01/21  3.05 LaTeX tabbing macros for Arabic
mathtools.sty    2012/04/24 v1.12 mathematical typesetting tools
  keyval.sty    1999/03/16 v1.13 key=value parser (DPC)
    calc.sty    2007/08/22 v4.3 Infix arithmetic (KKT,FJ)
 mhsetup.sty    2010/01/21 v1.2a programming setup (MH)
 amsmath.sty    2000/07/18 v2.13 AMS math features
 amstext.sty    2000/06/29 v2.01
  amsgen.sty    1999/11/30 v2.0
  amsbsy.sty    1999/11/29 v1.2d
  amsopn.sty    1999/12/14 v2.01 operator names
semtrans.sty    1998/02/10 v 1.0 specials for transliterated semitic languages 
(jk)
graphicx.sty    1999/02/16 v1.0f Enhanced LaTeX Graphics (DPC,SPQR)
graphics.sty    2009/02/05 v1.0o Standard LaTeX Graphics (DPC,SPQR)
    trig.sty    1999/03/16 v1.09 sin cos tan (DPC)
graphics.cfg    2007/01/18 v1.5 graphics configuration of teTeX/TeXLive
  pdftex.def    2011/05/27 v0.06d Graphics/color for pdfTeX
infwarerr.sty    2010/04/08 v1.3 Providing info/warning/error messages (HO)
 ltxcmds.sty    2011/11/09 v1.22 LaTeX kernel commands for general use (HO)
   babel.sty    2008/07/08 v3.8m The Babel package
 bblopts.cfg    2006/07/31 v1.0 MiKTeX 'babel' configuration
 english.ldf    2005/03/30 v3.3o English support from the babel system
geometry.sty    2010/09/12 v5.6 Page Geometry
   ifpdf.sty    2011/01/30 v2.3 Provides the ifpdf switch (HO)
  ifvtex.sty    2010/03/01 v1.5 Detect VTeX and its facilities (HO)
 ifxetex.sty    2010/09/12 v0.6 Provides ifxetex conditional
geometry.cfg
setspace.sty    2011/12/19 v6.7a set line spacing
fixltx2e.sty    2006/09/13 v1.1m fixes to LaTeX
  xspace.sty    2009/10/20 v1.13 Space after command names (DPC,MH)
autocorrect.tex
extrafunctions.tex
hyperref.sty    2012/05/13 v6.82q Hypertext links for LaTeX
hobsub-hyperref.sty    2012/04/25 v1.12 Bundle oberdiek, subset hyperref (HO)
hobsub-generic.sty    2012/04/25 v1.12 Bundle oberdiek, subset generic (HO)
  hobsub.sty    2012/04/25 v1.12 Construct package bundles (HO)
ifluatex.sty    2010/03/01 v1.3 Provides the ifluatex switch (HO)
 intcalc.sty    2007/09/27 v1.1 Expandable calculations with integers (HO)
etexcmds.sty    2011/02/16 v1.5 Avoid name clashes with e-TeX commands (HO)
kvsetkeys.sty    2012/04/25 v1.16 Key value parser (HO)
kvdefinekeys.sty    2011/04/07 v1.3 Define keys (HO)
pdftexcmds.sty    2011/11/29 v0.20 Utility functions of pdfTeX for LuaTeX (HO)
pdfescape.sty    2011/11/25 v1.13 Implements pdfTeX's escape features (HO)
bigintcalc.sty    2012/04/08 v1.3 Expandable calculations on big integers (HO)
  bitset.sty    2011/01/30 v1.1 Handle bit-vector datatype (HO)
uniquecounter.sty    2011/01/30 v1.2 Provide unlimited unique counter (HO)
letltxmacro.sty    2010/09/02 v1.4 Let assignment for LaTeX macros (HO)
 hopatch.sty    2011/06/24 v1.1 Wrapper for package hooks (HO)
xcolor-patch.sty    2011/01/30 xcolor patch
atveryend.sty    2011/06/30 v1.8 Hooks at the very end of document (HO)
atbegshi.sty    2011/10/05 v1.16 At begin shipout hook (HO)
refcount.sty    2011/10/16 v3.4 Data extraction from label references (HO)
 hycolor.sty    2011/01/30 v1.7 Color options for hyperref/bookmark (HO)
kvoptions.sty    2011/06/30 v3.11 Key value format for package options (HO)
  pd1enc.def    2012/05/13 v6.82q Hyperref: PDFDocEncoding definition (HO)
hyperref.cfg    2002/06/06 v1.2 hyperref configuration of TeXLive
 hpdftex.def    2012/05/13 v6.82q Hyperref driver for pdfTeX
rerunfilecheck.sty    2011/04/15 v1.7 Rerun checks for auxiliary files (HO)
   color.sty    2005/11/14 v1.0j Standard LaTeX Color (DPC)
   color.cfg    2007/01/18 v1.5 color configuration of teTeX/TeXLive
dvipsnam.def    1999/02/16 v3.0i Driver-dependant file (DPC,SPQR)
supp-pdf.mkii
 nameref.sty    2010/04/30 v2.40 Cross-referencing by name of section
gettitlestring.sty    2010/12/03 v1.4 Cleanup title references (HO)
  apatch.sty    2006/07/02  3.11s last minute patches 
graphics/zotero_icon.png
graphics/zotero_connectors.png
  omscmr.fd    1999/05/25 v2.5h Standard LaTeX font definitions
graphics/zotero_addbook.png
graphics/zotero_bookadded.png
graphics/zotero_isbndoi.png
graphics/zotero_isbndoi.png
graphics/zotero_addarticle.png
graphics/google_earth_icon.png
graphics/google_earth_buttons.png
graphics/google_earth_b1.png
graphics/google_earth_b2.png
graphics/google_earth_b3.png
graphics/google_earth_b4.png
graphics/HarleyCartography21p99_Coordinates.png
 ***********

Package atveryend Info: Executing hook `AtEndAfterFileList' on input line 227.

Package rerunfilecheck Warning: File `MCIW_Practicum_ZoteroOld.out' has changed
.
(rerunfilecheck)                Rerun to get outlines right
(rerunfilecheck)                or use package `bookmark'.

Package rerunfilecheck Info: Checksums for `MCIW_Practicum_ZoteroOld.out':
(rerunfilecheck)             Before: <no file>
(rerunfilecheck)             After:  D41D8CD98F00B204E9800998ECF8427E;0.

LaTeX Font Warning: Some font shapes were not available, defaults substituted.

Package atveryend Info: Empty hook `AtVeryVeryEnd' on input line 227.
 ) 
Here is how much of TeX's memory you used:
 10075 strings out of 494045
 133096 string characters out of 3148368
 258900 words of memory out of 3000000
 13156 multiletter control sequences out of 15000+200000
 10661 words of font info for 39 fonts, out of 3000000 for 9000
 715 hyphenation exceptions out of 8191
 34i,8n,27p,923b,613s stack positions out of 5000i,500n,10000p,200000b,50000s
<C:/Program Files/MiKTeX 2.9/fonts/type1/public/amsfonts/cm/cmbx10.pfb><C:/Pr
ogram Files/MiKTeX 2.9/fonts/type1/public/amsfonts/cm/cmbx12.pfb><C:/Program Fi
les/MiKTeX 2.9/fonts/type1/public/amsfonts/cm/cmcsc10.pfb><C:/Program Files/MiK
TeX 2.9/fonts/type1/public/amsfonts/cm/cmmi10.pfb><C:/Program Files/MiKTeX 2.9/
fonts/type1/public/amsfonts/cm/cmmi12.pfb><C:/Program Files/MiKTeX 2.9/fonts/ty
pe1/public/amsfonts/cm/cmr10.pfb><C:/Program Files/MiKTeX 2.9/fonts/type1/publi
c/amsfonts/cm/cmr12.pfb><C:/Program Files/MiKTeX 2.9/fonts/type1/public/amsfont
s/cm/cmr7.pfb><C:/Program Files/MiKTeX 2.9/fonts/type1/public/amsfonts/cm/cmr8.
pfb><C:/Program Files/MiKTeX 2.9/fonts/type1/public/amsfonts/cm/cmsy10.pfb><C:/
Program Files/MiKTeX 2.9/fonts/type1/public/amsfonts/cm/cmti10.pfb><C:/Program 
Files/MiKTeX 2.9/fonts/type1/public/amsfonts/cm/cmti12.pfb><C:/Program Files/Mi
KTeX 2.9/fonts/type1/public/amsfonts/cm/cmtt10.pfb><C:/Program Files/MiKTeX 2.9
/fonts/type1/public/amsfonts/cm/cmtt12.pfb>
Output written on MCIW_Practicum_ZoteroOld.pdf (5 pages, 470989 bytes).
PDF statistics:
 148 PDF objects out of 1000 (max. 8388607)
 29 named destinations out of 1000 (max. 500000)
 66 words of extra memory for PDF output out of 10000 (max. 10000000)

